<?xml version="1.0" encoding="UTF-8"?>
<robot generator="Robot 6.1.1 (Python 3.11.3 on win32)" generated="20230817 23:12:39.571" rpa="false" schemaversion="4">
<suite id="s1" name="Calculate" source="C:\Users\georg\OneDrive\Documentos\Robot Framework\Calculate\Calculate.robot">
<test id="s1-t1" name="CT01: Teste calcular soma" line="44">
<kw name="Dado que estou na pagina de calculo">
<kw name="Open Browser" library="SeleniumLibrary">
<arg>${URL}</arg>
<arg>${Browser}</arg>
<doc>Opens a new browser instance to the optional ``url``.</doc>
<msg timestamp="20230817 23:12:39.721" level="INFO">Opening browser 'chrome' to base url 'https://testpages.herokuapp.com/calculate.php'.</msg>
<status status="PASS" starttime="20230817 23:12:39.720" endtime="20230817 23:12:43.860"/>
</kw>
<kw name="Maximize Browser Window" library="SeleniumLibrary">
<doc>Maximizes current browser window.</doc>
<status status="PASS" starttime="20230817 23:12:43.860" endtime="20230817 23:12:43.980"/>
</kw>
<kw name="Capture Page Screenshot" library="SeleniumLibrary">
<doc>Takes a screenshot of the current page and embeds it into a log file.</doc>
<msg timestamp="20230817 23:12:44.158" level="INFO" html="true">&lt;/td&gt;&lt;/tr&gt;&lt;tr&gt;&lt;td colspan="3"&gt;&lt;a href="selenium-screenshot-1.png"&gt;&lt;img src="selenium-screenshot-1.png" width="800px"&gt;&lt;/a&gt;</msg>
<status status="PASS" starttime="20230817 23:12:43.980" endtime="20230817 23:12:44.158"/>
</kw>
<status status="PASS" starttime="20230817 23:12:39.720" endtime="20230817 23:12:44.158"/>
</kw>
<kw name="Quando preencho os campos com numeros a serem somados">
<kw name="Input Text" library="SeleniumLibrary">
<arg>${campo1}</arg>
<arg>${num1}</arg>
<doc>Types the given ``text`` into the text field identified by ``locator``.</doc>
<msg timestamp="20230817 23:12:44.161" level="INFO">Typing text '4' into text field '//*[@id="number1"]'.</msg>
<status status="PASS" starttime="20230817 23:12:44.160" endtime="20230817 23:12:44.311"/>
</kw>
<kw name="Input Text" library="SeleniumLibrary">
<arg>${campo2}</arg>
<arg>${num2}</arg>
<doc>Types the given ``text`` into the text field identified by ``locator``.</doc>
<msg timestamp="20230817 23:12:44.312" level="INFO">Typing text '6' into text field '//*[@id="number2"]'.</msg>
<status status="PASS" starttime="20230817 23:12:44.311" endtime="20230817 23:12:44.419"/>
</kw>
<kw name="Capture Page Screenshot" library="SeleniumLibrary">
<doc>Takes a screenshot of the current page and embeds it into a log file.</doc>
<msg timestamp="20230817 23:12:44.561" level="INFO" html="true">&lt;/td&gt;&lt;/tr&gt;&lt;tr&gt;&lt;td colspan="3"&gt;&lt;a href="selenium-screenshot-2.png"&gt;&lt;img src="selenium-screenshot-2.png" width="800px"&gt;&lt;/a&gt;</msg>
<status status="PASS" starttime="20230817 23:12:44.419" endtime="20230817 23:12:44.562"/>
</kw>
<status status="PASS" starttime="20230817 23:12:44.158" endtime="20230817 23:12:44.562"/>
</kw>
<kw name="E clico em &lt;Calculate&gt;">
<kw name="Click Element" library="SeleniumLibrary">
<arg>${button}</arg>
<doc>Click the element identified by ``locator``.</doc>
<msg timestamp="20230817 23:12:44.563" level="INFO">Clicking element '//*[@id="calculate"]'.</msg>
<status status="PASS" starttime="20230817 23:12:44.562" endtime="20230817 23:12:45.574"/>
</kw>
<status status="PASS" starttime="20230817 23:12:44.562" endtime="20230817 23:12:45.574"/>
</kw>
<kw name="Então a soma é realizada com sucesso">
<kw name="Capture Page Screenshot" library="SeleniumLibrary">
<doc>Takes a screenshot of the current page and embeds it into a log file.</doc>
<msg timestamp="20230817 23:12:45.695" level="INFO" html="true">&lt;/td&gt;&lt;/tr&gt;&lt;tr&gt;&lt;td colspan="3"&gt;&lt;a href="selenium-screenshot-3.png"&gt;&lt;img src="selenium-screenshot-3.png" width="800px"&gt;&lt;/a&gt;</msg>
<status status="PASS" starttime="20230817 23:12:45.575" endtime="20230817 23:12:45.695"/>
</kw>
<status status="PASS" starttime="20230817 23:12:45.575" endtime="20230817 23:12:45.696"/>
</kw>
<status status="PASS" starttime="20230817 23:12:39.719" endtime="20230817 23:12:45.696"/>
</test>
<status status="PASS" starttime="20230817 23:12:39.573" endtime="20230817 23:12:45.697"/>
</suite>
<statistics>
<total>
<stat pass="1" fail="0" skip="0">All Tests</stat>
</total>
<tag>
</tag>
<suite>
<stat pass="1" fail="0" skip="0" id="s1" name="Calculate">Calculate</stat>
</suite>
</statistics>
<errors>
</errors>
</robot>
